<?xml version="1.0" encoding="UTF-8"?>
<!-- Generated by org.testng.reporters.JUnitReportReporter -->
<testsuite skipped="0" hostname="BDC6-D-474C6BS" name="test.tests.QuickTestURL" tests="1" failures="0" timestamp="4 Nov 2016 05:49:16 GMT" time="0.016" errors="0">
  <testcase name="testSample" time="0.016" classname="test.tests.QuickTestURL"/>
</testsuite> <!-- test.tests.QuickTestURL -->
