<?xml version="1.0" encoding="UTF-8"?>
<!-- Generated by org.testng.reporters.JUnitReportReporter -->
<testsuite hostname="Shells-iMac.local" name="test.tests.QuickTest" tests="1" failures="0" timestamp="4 Jul 2017 09:43:49 GMT" time="74.780" errors="0">
  <testcase name="deviceDetails" time="74.780" classname="test.tests.QuickTest"/>
</testsuite> <!-- test.tests.QuickTest -->
