<?xml version="1.0" encoding="UTF-8"?>
<!-- Generated by org.testng.reporters.JUnitReportReporter -->
<testsuite hostname="Shells-iMac.local" name="test.tests.one" tests="1" failures="0" timestamp="9 Jun 2017 05:42:35 GMT" time="0.014" errors="0">
  <testcase name="testCheckAssert" time="0.014" classname="test.tests.one"/>
</testsuite> <!-- test.tests.one -->
