<?xml version="1.0" encoding="UTF-8"?>
<!-- Generated by org.testng.reporters.JUnitReportReporter -->
<testsuite skipped="0" hostname="BDC6-D-474C6BS" name="test.tests.ExcelJXL" tests="1" failures="0" timestamp="8 Dec 2016 05:37:31 GMT" time="0.258" errors="0">
  <testcase name="printExcelData" time="0.258" classname="test.tests.ExcelJXL"/>
</testsuite> <!-- test.tests.ExcelJXL -->
