<?xml version="1.0" encoding="UTF-8"?>
<!-- Generated by org.testng.reporters.JUnitReportReporter -->
<testsuite skipped="0" hostname="BDC6-D-474C6BS" name="test.tests.GetExcelTestData" tests="1" failures="0" timestamp="8 Dec 2016 06:15:57 GMT" time="0.208" errors="0">
  <testcase name="getTestDataFromExcel" time="0.208" classname="test.tests.GetExcelTestData"/>
</testsuite> <!-- test.tests.GetExcelTestData -->
