<?xml version="1.0" encoding="UTF-8"?>
<!-- Generated by org.testng.reporters.JUnitReportReporter -->
<testsuite hostname="Shells-iMac.local" name="test.tests.A" tests="1" failures="0" timestamp="27 Jun 2017 09:49:58 GMT" time="0.010" errors="0">
  <testcase name="setUp" time="0.010" classname="test.tests.A"/>
</testsuite> <!-- test.tests.A -->
