<?xml version="1.0" encoding="UTF-8"?>
<!-- Generated by org.testng.reporters.JUnitReportReporter -->
<testsuite hostname="Shells-iMac.local" name="test.tests.SampleTest" tests="5" failures="0" timestamp="4 May 2017 10:26:25 GMT" time="0.021" errors="0">
  <testcase name="A" time="0.009" classname="test.tests.SampleTest"/>
  <testcase name="testAAAAA" time="0.002" classname="test.tests.SampleTest"/>
  <testcase name="AAAAA" time="0.001" classname="test.tests.SampleTest"/>
  <testcase name="BAAAA" time="0.006" classname="test.tests.SampleTest"/>
  <testcase name="testAAAAB" time="0.003" classname="test.tests.SampleTest"/>
</testsuite> <!-- test.tests.SampleTest -->
