<?xml version="1.0" encoding="UTF-8"?>
<!-- Generated by org.testng.reporters.JUnitReportReporter -->
<testsuite hostname="BDC6-D-474C6BS" name="test.tests.ScreenMaxmize" tests="1" failures="0" timestamp="19 Sep 2016 05:29:45 GMT" time="0.156" errors="0">
  <testcase name="testMaxmizeScreen" time="0.156" classname="test.tests.ScreenMaxmize"/>
</testsuite> <!-- test.tests.ScreenMaxmize -->
