<?xml version="1.0" encoding="UTF-8"?>
<!-- Generated by org.testng.reporters.JUnitReportReporter -->
<testsuite skipped="0" hostname="BDC6-D-474C6BS" name="test.tests.ExcelData" tests="1" failures="0" timestamp="7 Nov 2016 07:38:54 GMT" time="0.456" errors="0">
  <testcase name="readExcelCount" time="0.456" classname="test.tests.ExcelData"/>
</testsuite> <!-- test.tests.ExcelData -->
