<?xml version="1.0" encoding="UTF-8"?>
<!-- Generated by org.testng.reporters.JUnitReportReporter -->
<testsuite skipped="0" hostname="BDC6-D-474C6BS" name="test.tests.Json" tests="1" failures="0" timestamp="7 Nov 2016 05:33:46 GMT" time="0.040" errors="0">
  <testcase name="readJson" time="0.040" classname="test.tests.Json"/>
</testsuite> <!-- test.tests.Json -->
